xcode-select: error: tool 'xcodebuild' requires Xcode, but active developer directory '/Library/Developer/CommandLineTools' is a command line tools instance

xcode-select: error: tool 'xcodebuild' requires Xcode, but active developer directory '/Library/Developer/CommandLineTools' is a command line tools instance

../lib/kerberos.cc:79:3: error: use of undeclared identifier 'scope'
  NanReturnValue(args.This());
  ^
../node_modules/nan/nan.h:1281:39: note: expanded from macro 'NanReturnValue'
# define NanReturnValue(value) return scope.Close(value)
                                      ^
1 error generated.
make: *** [Release/obj.target/kerberos/lib/kerberos.o] Error 1
gyp ERR! build error 
gyp ERR! stack Error: `make` failed with exit code: 2
gyp ERR! stack     at ChildProcess.onExit (/usr/local/lib/node_modules/npm/node_modules/node-gyp/lib/build.js:267:23)
gyp ERR! stack     at ChildProcess.emit (events.js:98:17)
gyp ERR! stack     at Process.ChildProcess._handle.onexit (child_process.js:810:12)
gyp ERR! System Darwin 14.0.0
gyp ERR! command "node" "/usr/local/lib/node_modules/npm/node_modules/node-gyp/bin/node-gyp.js" "rebuild"
gyp ERR! cwd /Users/zweipix/yiye/node_modules/meanio/node_modules/mongodb/node_modules/kerberos
gyp ERR! node -v v0.10.32
gyp ERR! node-gyp -v v1.0.2
gyp ERR! not ok 
